0 info it worked if it ends with ok
1 verbose cli [ 'D:\\bin642\\nodejs\\node.exe',
1 verbose cli   'D:\\bin642\\nodejs\\node_modules\\npm\\bin\\npm-cli.js',
1 verbose cli   'run',
1 verbose cli   'dev' ]
2 info using npm@3.10.10
3 info using node@v6.10.3
4 verbose run-script [ 'predev', 'dev', 'postdev' ]
5 info lifecycle rossaprimavera.nuxt@~predev: rossaprimavera.nuxt@
6 silly lifecycle rossaprimavera.nuxt@~predev: no script for predev, continuing
7 info lifecycle rossaprimavera.nuxt@~dev: rossaprimavera.nuxt@
8 verbose lifecycle rossaprimavera.nuxt@~dev: unsafe-perm in lifecycle true
9 verbose lifecycle rossaprimavera.nuxt@~dev: PATH: D:\bin642\nodejs\node_modules\npm\bin\node-gyp-bin;D:\Workspace\commerce\repo\nuxtjs-adminlte-dashboard-lumen-api\dashboard\node_modules\.bin;D:\bin642\ImageMagick-7.0.5-Q16;C:\Windows\system32;C:\Windows;C:\Windows\System32\Wbem;C:\Windows\System32\WindowsPowerShell\v1.0\;D:\bin642\ffmpeg-20160909-7c5fed1-win64-static\bin;D:\bin\php\php-7.0.15-nts-Win32-VC14-x86;C:\Users\Wett\.dnx\bin;C:\Program Files\Microsoft DNX\Dnvm\;C:\ProgramData\ComposerSetup\bin;C:\ProgramData\chocolatey\bin;C:\Program Files\Java\jdk1.8.0_102\bin;D:\bin642\livestreamer-v1.12.2;D:\bin642\vlc;D:\bin642\Heroku\bin;C:\Program Files (x86)\git\cmd;D:\bin642\ONLYOFFICE\DesktopEditors\converter;C:\Program Files (x86)\NVIDIA Corporation\PhysX\Common;D:\bin642\youtube-dl;d:\bin642\QuickTime\QTSystem\;D:\bin642\GNU\GnuPG\pub;D:\bin642\HashiCorp\Vagrant\bin;D:\bin642\Git\cmd;D:\bin642\Brackets\command;D:\bin642\Skype\Phone\;D:\bin642\Python27;D:\bin642\Python27\Scripts;D:\bin642\nodejs\;D:\bin642\Ruby23-x64\bin;C:\Users\Wett\AppData\Roaming\Composer\vendor\bin;C:\Users\Wett\AppData\Local\Android\android-sdk\tools;C:\Users\Wett\AppData\Local\Android\android-sdk\platform-tools;C:\PROGRA~2\Oracle\VirtualBox;C:\Users\Wett\AppData\Local\atom\bin;C:\Users\Wett\AppData\Roaming\npm
10 verbose lifecycle rossaprimavera.nuxt@~dev: CWD: D:\Workspace\commerce\repo\nuxtjs-adminlte-dashboard-lumen-api\dashboard
11 silly lifecycle rossaprimavera.nuxt@~dev: Args: [ '/d /s /c', 'nuxt' ]
12 silly lifecycle rossaprimavera.nuxt@~dev: Returned: code: 3221225786  signal: null
13 info lifecycle rossaprimavera.nuxt@~dev: Failed to exec dev script
14 verbose stack Error: rossaprimavera.nuxt@ dev: `nuxt`
14 verbose stack Exit status 3221225786
14 verbose stack     at EventEmitter.<anonymous> (D:\bin642\nodejs\node_modules\npm\lib\utils\lifecycle.js:255:16)
14 verbose stack     at emitTwo (events.js:106:13)
14 verbose stack     at EventEmitter.emit (events.js:191:7)
14 verbose stack     at ChildProcess.<anonymous> (D:\bin642\nodejs\node_modules\npm\lib\utils\spawn.js:40:14)
14 verbose stack     at emitTwo (events.js:106:13)
14 verbose stack     at ChildProcess.emit (events.js:191:7)
14 verbose stack     at maybeClose (internal/child_process.js:886:16)
14 verbose stack     at Process.ChildProcess._handle.onexit (internal/child_process.js:226:5)
15 verbose pkgid rossaprimavera.nuxt@
16 verbose cwd D:\Workspace\commerce\repo\nuxtjs-adminlte-dashboard-lumen-api\dashboard
17 error Windows_NT 6.1.7601
18 error argv "D:\\bin642\\nodejs\\node.exe" "D:\\bin642\\nodejs\\node_modules\\npm\\bin\\npm-cli.js" "run" "dev"
19 error node v6.10.3
20 error npm  v3.10.10
21 error code ELIFECYCLE
22 error rossaprimavera.nuxt@ dev: `nuxt`
22 error Exit status 3221225786
23 error Failed at the rossaprimavera.nuxt@ dev script 'nuxt'.
23 error Make sure you have the latest version of node.js and npm installed.
23 error If you do, this is most likely a problem with the rossaprimavera.nuxt package,
23 error not with npm itself.
23 error Tell the author that this fails on your system:
23 error     nuxt
23 error You can get information on how to open an issue for this project with:
23 error     npm bugs rossaprimavera.nuxt
23 error Or if that isn't available, you can get their info via:
23 error     npm owner ls rossaprimavera.nuxt
23 error There is likely additional logging output above.
24 verbose exit [ 1, true ]
